<?xml version="1.0" encoding="utf-8" standalone="no"?>
<!--This file represents the results of running a test suite-->
<test-results name="C:\WORKS\SoftLynx\google\trunk\ActiveRecord\NUnit-tests\activesql.nunit" total="69" errors="0" failures="4" not-run="0" inconclusive="3" ignored="0" skipped="0" invalid="0" date="2010-08-18" time="01:18:10">
  <environment nunit-version="2.5.2.9222" clr-version="2.0.50727.3603" os-version="Microsoft Windows NT 5.1.2600 Service Pack 3" platform="Win32NT" cwd="C:\WORKS\SoftLynx\google\trunk\ActiveRecord\NUnit-tests" machine-name="VOLKOV_AV" user="kot" user-domain="VOLKOV_AV" />
  <culture-info current-culture="ru-RU" current-uiculture="ru-RU" />
  <test-suite name="C:\WORKS\SoftLynx\google\trunk\ActiveRecord\NUnit-tests\activesql.nunit" executed="True" success="False" time="15.594" asserts="0">
    <results>
      <test-suite name="C:\WORKS\SoftLynx\google\trunk\ActiveRecord\NUnit-tests\bin\Debug\NUnit-tests.dll" executed="True" success="False" time="15.594" asserts="0">
        <results>
          <test-suite name="NUnit_tests" executed="True" success="False" time="15.594" asserts="0">
            <results>
              <test-suite name="Backends" executed="True" success="False" time="15.594" asserts="0">
                <results>
                  <test-suite name="Backend" executed="True" success="False" time="15.578" asserts="0">
                    <results>
                      <test-suite name="Backend(&quot;MSSQL&quot;,&quot;Server=localhost\SQLEXPRESS;Database=test;User Id=test;Password=test;Trusted_Connection=false&quot;)" executed="True" success="True" time="3.766" asserts="1">
                        <results>
                          <test-case name="NUnit_tests.Backends.Backend.T00_AjustDateTimeTOLocal" description="Rest database to empty initial state" executed="True" success="True" time="0.000" asserts="0" />
                          <test-case name="NUnit_tests.Backends.Backend.T01_ConnectDB" description="Connects to database backend" executed="True" success="True" time="0.094" asserts="2" />
                          <test-case name="NUnit_tests.Backends.Backend.T02_WriteObjects" description="Write heap of objects to database" executed="True" success="True" time="0.250" asserts="1" />
                          <test-case name="NUnit_tests.Backends.Backend.T03_TransactionRollBack" description="Test transaction rollback properly" executed="True" success="True" time="0.000" asserts="1" />
                          <test-case name="NUnit_tests.Backends.Backend.T04_ReadObject" description="Read object back from DB" executed="True" success="True" time="0.000" asserts="1" />
                          <test-case name="NUnit_tests.Backends.Backend.T05_NestedEnumerator" description="Test nested select queries in separate connections" executed="True" success="True" time="0.563" asserts="621">
                            <properties>
                              <property name="Timeout" value="10000" />
                            </properties>
                          </test-case>
                          <test-case name="NUnit_tests.Backends.Backend.T06_TransactionalNestedEnumerator" description="Test nested select queries in separate connections" executed="True" success="True" time="0.563" asserts="621">
                            <properties>
                              <property name="Timeout" value="10000" />
                            </properties>
                          </test-case>
                          <test-case name="NUnit_tests.Backends.Backend.T07_WhereCondition" description="Select an object with where expression from DB" executed="True" success="True" time="0.000" asserts="1" />
                          <test-case name="NUnit_tests.Backends.Backend.T08_WhereLikeCondition" description="Select an object with where LIKE expression from DB" executed="True" success="True" time="0.016" asserts="1" />
                          <test-case name="NUnit_tests.Backends.Backend.T09_WhereLikeCaseInsensitive" description="Test is LIKE is case insensitive" executed="True" success="True" time="0.016" asserts="1" />
                          <test-case name="NUnit_tests.Backends.Backend.T10_WhereILikeCondition" description="Select an object with where ILIKE expression from DB" executed="True" success="False" time="0.031" asserts="0" />
                          <test-case name="NUnit_tests.Backends.Backend.T11_Serialization" description="Measure serialization speed" executed="True" success="True" time="0.547" asserts="1000" />
                          <test-case name="NUnit_tests.Backends.Backend.T12_AutoIncrement" description="Autoincrement facility" executed="True" success="True" time="0.000" asserts="2" />
                          <test-case name="NUnit_tests.Backends.Backend.T13_OrderByText" description="Select query with order by text field" executed="True" success="True" time="0.078" asserts="0" />
                          <test-case name="NUnit_tests.Backends.Backend.T14_WhereTextField" description="Select query with where text field" executed="True" success="True" time="0.016" asserts="1" />
                          <test-case name="NUnit_tests.Backends.Backend.T15_SelectLimit" description="Limited result set statement" executed="True" success="True" time="0.000" asserts="1" />
                          <test-case name="NUnit_tests.Backends.Backend.T16_NumberHandling" description="Handle decimal numbers" executed="True" success="True" time="0.000" asserts="4" />
                          <test-case name="NUnit_tests.Backends.Backend.T17_DateHandling" description="Handle DateTime values" executed="True" success="True" time="0.078" asserts="2" />
                          <test-case name="NUnit_tests.Backends.Backend.T20_ReplicationHandling" description="Handle replication with SQLITE" executed="True" success="True" time="1.375" asserts="300" />
                          <test-case name="NUnit_tests.Backends.Backend.T21_DateTimeTZ" description="Handle timezones" executed="True" success="True" time="0.016" asserts="2" />
                          <test-case name="NUnit_tests.Backends.Backend.T28_IDObjectWithoutIDException" description="Test exception for undefined ID operations" executed="True" success="True" time="0.047" asserts="0" />
                          <test-case name="NUnit_tests.Backends.Backend.T29_IDObjectExtendWithoutIDException" description="Test exception for assigned extended data class for undefined ID object" executed="True" success="True" time="0.000" asserts="0" />
                          <test-case name="NUnit_tests.Backends.Backend.T30_SmartObjectWrites" description="Handle smart object writes" executed="True" success="True" time="0.000" asserts="17" />
                        </results>
                      </test-suite>
                      <test-suite name="Backend(&quot;PGSQL&quot;,&quot;host=localhost;Database=test;User Id=test;Password=test&quot;)" executed="True" success="True" time="6.266" asserts="1">
                        <results>
                          <test-case name="NUnit_tests.Backends.Backend.T00_AjustDateTimeTOLocal" description="Rest database to empty initial state" executed="True" success="True" time="0.000" asserts="0" />
                          <test-case name="NUnit_tests.Backends.Backend.T01_ConnectDB" description="Connects to database backend" executed="True" success="True" time="0.047" asserts="2" />
                          <test-case name="NUnit_tests.Backends.Backend.T02_WriteObjects" description="Write heap of objects to database" executed="True" success="True" time="0.703" asserts="1" />
                          <test-case name="NUnit_tests.Backends.Backend.T03_TransactionRollBack" description="Test transaction rollback properly" executed="True" success="True" time="0.016" asserts="1" />
                          <test-case name="NUnit_tests.Backends.Backend.T04_ReadObject" description="Read object back from DB" executed="True" success="True" time="0.000" asserts="1" />
                          <test-case name="NUnit_tests.Backends.Backend.T05_NestedEnumerator" description="Test nested select queries in separate connections" executed="True" success="True" time="1.625" asserts="621">
                            <properties>
                              <property name="Timeout" value="10000" />
                            </properties>
                          </test-case>
                          <test-case name="NUnit_tests.Backends.Backend.T06_TransactionalNestedEnumerator" description="Test nested select queries in separate connections" executed="True" success="True" time="1.609" asserts="621">
                            <properties>
                              <property name="Timeout" value="10000" />
                            </properties>
                          </test-case>
                          <test-case name="NUnit_tests.Backends.Backend.T07_WhereCondition" description="Select an object with where expression from DB" executed="True" success="True" time="0.000" asserts="1" />
                          <test-case name="NUnit_tests.Backends.Backend.T08_WhereLikeCondition" description="Select an object with where LIKE expression from DB" executed="True" success="True" time="0.016" asserts="1" />
                          <test-case name="NUnit_tests.Backends.Backend.T09_WhereLikeCaseInsensitive" description="Test is LIKE is case insensitive" executed="True" success="False" time="0.000" asserts="0" />
                          <test-case name="NUnit_tests.Backends.Backend.T10_WhereILikeCondition" description="Select an object with where ILIKE expression from DB" executed="True" success="True" time="0.016" asserts="1" />
                          <test-case name="NUnit_tests.Backends.Backend.T11_Serialization" description="Measure serialization speed" executed="True" success="True" time="0.563" asserts="1000" />
                          <test-case name="NUnit_tests.Backends.Backend.T12_AutoIncrement" description="Autoincrement facility" executed="True" success="True" time="0.000" asserts="2" />
                          <test-case name="NUnit_tests.Backends.Backend.T13_OrderByText" description="Select query with order by text field" executed="True" success="True" time="0.047" asserts="0" />
                          <test-case name="NUnit_tests.Backends.Backend.T14_WhereTextField" description="Select query with where text field" executed="True" success="True" time="0.000" asserts="1" />
                          <test-case name="NUnit_tests.Backends.Backend.T15_SelectLimit" description="Limited result set statement" executed="True" success="True" time="0.000" asserts="1" />
                          <test-case name="NUnit_tests.Backends.Backend.T16_NumberHandling" description="Handle decimal numbers" executed="True" success="True" time="0.000" asserts="4" />
                          <test-case name="NUnit_tests.Backends.Backend.T17_DateHandling" description="Handle DateTime values" executed="True" success="True" time="0.000" asserts="2" />
                          <test-case name="NUnit_tests.Backends.Backend.T20_ReplicationHandling" description="Handle replication with SQLITE" executed="True" success="True" time="1.359" asserts="300" />
                          <test-case name="NUnit_tests.Backends.Backend.T21_DateTimeTZ" description="Handle timezones" executed="True" success="True" time="0.016" asserts="2" />
                          <test-case name="NUnit_tests.Backends.Backend.T28_IDObjectWithoutIDException" description="Test exception for undefined ID operations" executed="True" success="True" time="0.016" asserts="0" />
                          <test-case name="NUnit_tests.Backends.Backend.T29_IDObjectExtendWithoutIDException" description="Test exception for assigned extended data class for undefined ID object" executed="True" success="True" time="0.016" asserts="0" />
                          <test-case name="NUnit_tests.Backends.Backend.T30_SmartObjectWrites" description="Handle smart object writes" executed="True" success="True" time="0.016" asserts="17" />
                        </results>
                      </test-suite>
                      <test-suite name="Backend(&quot;SQLITE&quot;,&quot;Data Source = c:\temp\test.db3;BinaryGUID=FALSE;&quot;)" executed="True" success="False" time="5.547" asserts="1">
                        <results>
                          <test-case name="NUnit_tests.Backends.Backend.T00_AjustDateTimeTOLocal" description="Rest database to empty initial state" executed="True" success="True" time="0.000" asserts="0" />
                          <test-case name="NUnit_tests.Backends.Backend.T01_ConnectDB" description="Connects to database backend" executed="True" success="True" time="0.031" asserts="2" />
                          <test-case name="NUnit_tests.Backends.Backend.T02_WriteObjects" description="Write heap of objects to database" executed="True" success="True" time="0.297" asserts="1" />
                          <test-case name="NUnit_tests.Backends.Backend.T03_TransactionRollBack" description="Test transaction rollback properly" executed="True" success="True" time="0.016" asserts="1" />
                          <test-case name="NUnit_tests.Backends.Backend.T04_ReadObject" description="Read object back from DB" executed="True" success="False" time="0.016" asserts="1">
                            <failure>
                              <message><![CDATA[  DB object does not same as default instance
  Expected: <NUnit_tests.Models.BasicMapping>
  But was:  <NUnit_tests.Models.BasicMapping>
]]></message>
                              <stack-trace><![CDATA[в NUnit_tests.Backends.Backend.T04_ReadObject() в C:\WORKS\SoftLynx\google\trunk\ActiveRecord\NUnit-tests\TestSet.cs:строка 463
]]></stack-trace>
                            </failure>
                          </test-case>
                          <test-case name="NUnit_tests.Backends.Backend.T05_NestedEnumerator" description="Test nested select queries in separate connections" executed="True" success="True" time="0.766" asserts="621">
                            <properties>
                              <property name="Timeout" value="10000" />
                            </properties>
                          </test-case>
                          <test-case name="NUnit_tests.Backends.Backend.T06_TransactionalNestedEnumerator" description="Test nested select queries in separate connections" executed="True" success="True" time="0.703" asserts="621">
                            <properties>
                              <property name="Timeout" value="10000" />
                            </properties>
                          </test-case>
                          <test-case name="NUnit_tests.Backends.Backend.T07_WhereCondition" description="Select an object with where expression from DB" executed="True" success="False" time="0.031" asserts="1">
                            <failure>
                              <message><![CDATA[  Expected: collection containing <NUnit_tests.Models.BasicMapping>
  But was:  < <NUnit_tests.Models.BasicMapping> >
]]></message>
                              <stack-trace><![CDATA[в NUnit_tests.Backends.Backend.T07_WhereCondition() в C:\WORKS\SoftLynx\google\trunk\ActiveRecord\NUnit-tests\TestSet.cs:строка 499
]]></stack-trace>
                            </failure>
                          </test-case>
                          <test-case name="NUnit_tests.Backends.Backend.T08_WhereLikeCondition" description="Select an object with where LIKE expression from DB" executed="True" success="False" time="0.016" asserts="1">
                            <failure>
                              <message><![CDATA[  Expected: collection containing <NUnit_tests.Models.BasicMapping>
  But was:  < <NUnit_tests.Models.BasicMapping> >
]]></message>
                              <stack-trace><![CDATA[в NUnit_tests.Backends.Backend.T08_WhereLikeCondition() в C:\WORKS\SoftLynx\google\trunk\ActiveRecord\NUnit-tests\TestSet.cs:строка 507
]]></stack-trace>
                            </failure>
                          </test-case>
                          <test-case name="NUnit_tests.Backends.Backend.T09_WhereLikeCaseInsensitive" description="Test is LIKE is case insensitive" executed="True" success="False" time="0.016" asserts="1">
                            <failure>
                              <message><![CDATA[  The LIKE operator is case sensitive
  Expected: collection containing <NUnit_tests.Models.BasicMapping>
  But was:  < <NUnit_tests.Models.BasicMapping> >
]]></message>
                              <stack-trace><![CDATA[в NUnit_tests.Backends.Backend.T09_WhereLikeCaseInsensitive() в C:\WORKS\SoftLynx\google\trunk\ActiveRecord\NUnit-tests\TestSet.cs:строка 518
]]></stack-trace>
                            </failure>
                          </test-case>
                          <test-case name="NUnit_tests.Backends.Backend.T10_WhereILikeCondition" description="Select an object with where ILIKE expression from DB" executed="True" success="False" time="0.016" asserts="0" />
                          <test-case name="NUnit_tests.Backends.Backend.T11_Serialization" description="Measure serialization speed" executed="True" success="True" time="0.578" asserts="1000" />
                          <test-case name="NUnit_tests.Backends.Backend.T12_AutoIncrement" description="Autoincrement facility" executed="True" success="True" time="0.031" asserts="2" />
                          <test-case name="NUnit_tests.Backends.Backend.T13_OrderByText" description="Select query with order by text field" executed="True" success="True" time="0.156" asserts="0" />
                          <test-case name="NUnit_tests.Backends.Backend.T14_WhereTextField" description="Select query with where text field" executed="True" success="True" time="0.000" asserts="1" />
                          <test-case name="NUnit_tests.Backends.Backend.T15_SelectLimit" description="Limited result set statement" executed="True" success="True" time="0.000" asserts="1" />
                          <test-case name="NUnit_tests.Backends.Backend.T16_NumberHandling" description="Handle decimal numbers" executed="True" success="True" time="0.016" asserts="4" />
                          <test-case name="NUnit_tests.Backends.Backend.T17_DateHandling" description="Handle DateTime values" executed="True" success="True" time="0.031" asserts="2" />
                          <test-case name="NUnit_tests.Backends.Backend.T20_ReplicationHandling" description="Handle replication with SQLITE" executed="True" success="True" time="2.406" asserts="300" />
                          <test-case name="NUnit_tests.Backends.Backend.T21_DateTimeTZ" description="Handle timezones" executed="True" success="True" time="0.078" asserts="2" />
                          <test-case name="NUnit_tests.Backends.Backend.T28_IDObjectWithoutIDException" description="Test exception for undefined ID operations" executed="True" success="True" time="0.047" asserts="0" />
                          <test-case name="NUnit_tests.Backends.Backend.T29_IDObjectExtendWithoutIDException" description="Test exception for assigned extended data class for undefined ID object" executed="True" success="True" time="0.047" asserts="0" />
                          <test-case name="NUnit_tests.Backends.Backend.T30_SmartObjectWrites" description="Handle smart object writes" executed="True" success="True" time="0.078" asserts="17" />
                        </results>
                      </test-suite>
                    </results>
                  </test-suite>
                </results>
              </test-suite>
            </results>
          </test-suite>
        </results>
      </test-suite>
    </results>
  </test-suite>
</test-results>